[debug] [2021-01-21T18:24:08.368Z] ----------------------------------------------------------------------
[debug] [2021-01-21T18:24:08.371Z] Command:       C:\Program Files\nodejs\node.exe C:\Users\Iwo\AppData\Roaming\npm\node_modules\firebase-tools\lib\bin\firebase.js serve
[debug] [2021-01-21T18:24:08.371Z] CLI Version:   9.1.0
[debug] [2021-01-21T18:24:08.371Z] Platform:      win32
[debug] [2021-01-21T18:24:08.372Z] Node Version:  v13.14.0
[debug] [2021-01-21T18:24:08.374Z] Time:          Thu Jan 21 2021 19:24:08 GMT+0100 (srednjoeuropsko standardno vrijeme)
[debug] [2021-01-21T18:24:08.374Z] ----------------------------------------------------------------------
[debug] [2021-01-21T18:24:08.374Z] 
[debug] [2021-01-21T18:24:08.415Z] > command requires scopes: ["email","openid","https://www.googleapis.com/auth/cloudplatformprojects.readonly","https://www.googleapis.com/auth/firebase","https://www.googleapis.com/auth/cloud-platform"]
[debug] [2021-01-21T18:24:08.416Z] > authorizing via signed-in user
[debug] [2021-01-21T18:24:08.416Z] [iam] checking project portalko-63ded for permissions ["firebase.projects.get"]
[debug] [2021-01-21T18:24:08.420Z] >>> HTTP REQUEST POST https://cloudresourcemanager.googleapis.com/v1/projects/portalko-63ded:testIamPermissions  
 {"permissions":["firebase.projects.get"]}
[debug] [2021-01-21T18:24:09.243Z] <<< HTTP RESPONSE 200 {"content-type":"application/json; charset=UTF-8","vary":"X-Origin, Referer, Origin,Accept-Encoding","date":"Thu, 21 Jan 2021 18:25:51 GMT","server":"ESF","cache-control":"private","x-xss-protection":"0","x-frame-options":"SAMEORIGIN","x-content-type-options":"nosniff","server-timing":"gfet4t7; dur=610","alt-svc":"h3-29=\":443\"; ma=2592000,h3-T051=\":443\"; ma=2592000,h3-Q050=\":443\"; ma=2592000,h3-Q046=\":443\"; ma=2592000,h3-Q043=\":443\"; ma=2592000,quic=\":443\"; ma=2592000; v=\"46,43\"","accept-ranges":"none","transfer-encoding":"chunked"}
[debug] [2021-01-21T18:24:09.245Z] >>> HTTP REQUEST GET https://firebase.googleapis.com/v1beta1/projects/portalko-63ded  
 
[debug] [2021-01-21T18:24:09.528Z] <<< HTTP RESPONSE 200 {"content-type":"application/json; charset=UTF-8","vary":"X-Origin, Referer, Origin,Accept-Encoding","date":"Thu, 21 Jan 2021 18:25:52 GMT","server":"ESF","cache-control":"private","x-xss-protection":"0","x-frame-options":"SAMEORIGIN","x-content-type-options":"nosniff","alt-svc":"h3-29=\":443\"; ma=2592000,h3-T051=\":443\"; ma=2592000,h3-Q050=\":443\"; ma=2592000,h3-Q046=\":443\"; ma=2592000,h3-Q043=\":443\"; ma=2592000,quic=\":443\"; ma=2592000; v=\"46,43\"","accept-ranges":"none","transfer-encoding":"chunked"}
[info] 
[info] === Serving from 'E:\Ivo faks\portalko'...
[info] 
[debug] [2021-01-21T18:24:09.532Z] >>> HTTP REQUEST GET https://firebase.googleapis.com/v1beta1/projects/portalko-63ded/webApps/-/config  
 
[debug] [2021-01-21T18:24:10.301Z] <<< HTTP RESPONSE 200 {"content-type":"application/json; charset=UTF-8","vary":"X-Origin, Referer, Origin,Accept-Encoding","date":"Thu, 21 Jan 2021 18:25:53 GMT","server":"ESF","cache-control":"private","x-xss-protection":"0","x-frame-options":"SAMEORIGIN","x-content-type-options":"nosniff","alt-svc":"h3-29=\":443\"; ma=2592000,h3-T051=\":443\"; ma=2592000,h3-Q050=\":443\"; ma=2592000,h3-Q046=\":443\"; ma=2592000,h3-Q043=\":443\"; ma=2592000,quic=\":443\"; ma=2592000; v=\"46,43\"","accept-ranges":"none","transfer-encoding":"chunked"}
[info] i  hosting: Serving hosting files from: public {"metadata":{"emulator":{"name":"hosting"},"message":"Serving hosting files from: \u001b[1mpublic\u001b[22m"}}
[info] +  hosting: Local server: http://localhost:5000 {"metadata":{"emulator":{"name":"hosting"},"message":"Local server: \u001b[4m\u001b[1mhttp://localhost:5000\u001b[22m\u001b[24m"}}
[info] i  hosting: 127.0.0.1 - - [21/Jan/2021:18:24:39 +0000] "GET / HTTP/1.1" 200 4661 "-" "Mozilla/5.0 (Windows NT 6.1; Win64; x64) AppleWebKit/537.36 (KHTML, like Gecko) Chrome/87.0.4280.141 Safari/537.36" {"metadata":{"emulator":{"name":"hosting"},"message":"127.0.0.1 - - [21/Jan/2021:18:24:39 +0000] \"GET / HTTP/1.1\" 200 4661 \"-\" \"Mozilla/5.0 (Windows NT 6.1; Win64; x64) AppleWebKit/537.36 (KHTML, like Gecko) Chrome/87.0.4280.141 Safari/537.36\""}}
